<?xml version="1.0" encoding="UTF-8"?>
<!-- Generated by org.testng.reporters.JUnitXMLReporter -->
<testsuite hostname="LAPTOP-O1B49HHE" failures="0" tests="3" name="Default test" time="49.241" errors="0" timestamp="5 Feb 2018 22:26:43 GMT">
  <testcase classname="com.crmapp.qa.testsuite.ContactsPageTest" name="validateCreateNewContactTest" time="3.401"/>
  <testcase classname="com.crmapp.qa.testsuite.ContactsPageTest" name="validateCreateNewContactTest" time="3.588"/>
  <testcase classname="com.crmapp.qa.testsuite.ContactsPageTest" name="validateCreateNewContactTest" time="3.356"/>
</testsuite> <!-- Default test -->
