<?xml version="1.0" encoding="UTF-8"?>
<!-- Generated by org.testng.reporters.JUnitXMLReporter -->
<testsuite hostname="LAPTOP-O1B49HHE" failures="0" tests="12" name="CRM App Test" time="153.453" errors="0" timestamp="5 Feb 2018 22:53:31 GMT">
  <testcase classname="com.crmapp.qa.testsuite.LoginPageTest" name="loginPageTitleValidationtest" time="0.025"/>
  <testcase classname="com.crmapp.qa.testsuite.LoginPageTest" name="crmLogoImageValidation" time="0.06"/>
  <testcase classname="com.crmapp.qa.testsuite.LoginPageTest" name="loginTest" time="5.88"/>
  <testcase classname="com.crmapp.qa.testsuite.HomePageTest" name="VerifyHomePageTitleTest" time="0.015"/>
  <testcase classname="com.crmapp.qa.testsuite.HomePageTest" name="verifyUserNameTest" time="0.093"/>
  <testcase classname="com.crmapp.qa.testsuite.HomePageTest" name="verifyContactLinkTest" time="1.323"/>
  <testcase classname="com.crmapp.qa.testsuite.ContactsPageTest" name="verifyContactsLabelTest" time="0.038"/>
  <testcase classname="com.crmapp.qa.testsuite.ContactsPageTest" name="selectSingleContactsByNameTest" time="0.106"/>
  <testcase classname="com.crmapp.qa.testsuite.ContactsPageTest" name="selectMultipleContactsByNameTest" time="0.232"/>
  <testcase classname="com.crmapp.qa.testsuite.ContactsPageTest" name="validateCreateNewContactTest" time="4.751"/>
  <testcase classname="com.crmapp.qa.testsuite.ContactsPageTest" name="validateCreateNewContactTest" time="3.174"/>
  <testcase classname="com.crmapp.qa.testsuite.ContactsPageTest" name="validateCreateNewContactTest" time="3.15"/>
</testsuite> <!-- CRM App Test -->
