<?xml version="1.0" encoding="UTF-8"?>
<testng-results total="12" passed="12" failed="0" skipped="0">
  <reporter-output>
  </reporter-output>
  <suite started-at="2018-02-05T22:50:58Z" name="CRM Test Automation Suite" finished-at="2018-02-05T22:53:31Z" duration-ms="153453">
    <groups>
    </groups>
    <test started-at="2018-02-05T22:50:58Z" name="CRM App Test" finished-at="2018-02-05T22:53:31Z" duration-ms="153453">
      <class name="com.crmapp.qa.testsuite.HomePageTest">
        <test-method is-config="true" signature="setUp()[pri:0, instance:com.crmapp.qa.testsuite.HomePageTest@7a675056]" started-at="2018-02-05T14:51:26Z" name="setUp" finished-at="2018-02-05T14:51:39Z" duration-ms="12202" status="PASS">
          <reporter-output>
          </reporter-output>
        </test-method> <!-- setUp -->
        <test-method signature="VerifyHomePageTitleTest()[pri:0, instance:com.crmapp.qa.testsuite.HomePageTest@7a675056]" started-at="2018-02-05T14:51:39Z" name="VerifyHomePageTitleTest" finished-at="2018-02-05T14:51:39Z" duration-ms="15" status="PASS">
          <reporter-output>
          </reporter-output>
        </test-method> <!-- VerifyHomePageTitleTest -->
        <test-method is-config="true" signature="tearDown()[pri:0, instance:com.crmapp.qa.testsuite.HomePageTest@7a675056]" started-at="2018-02-05T14:51:39Z" name="tearDown" finished-at="2018-02-05T14:51:39Z" duration-ms="754" status="PASS">
          <reporter-output>
          </reporter-output>
        </test-method> <!-- tearDown -->
        <test-method is-config="true" signature="setUp()[pri:0, instance:com.crmapp.qa.testsuite.HomePageTest@7a675056]" started-at="2018-02-05T14:51:39Z" name="setUp" finished-at="2018-02-05T14:51:51Z" duration-ms="11302" status="PASS">
          <reporter-output>
          </reporter-output>
        </test-method> <!-- setUp -->
        <test-method signature="verifyUserNameTest()[pri:0, instance:com.crmapp.qa.testsuite.HomePageTest@7a675056]" started-at="2018-02-05T14:51:51Z" name="verifyUserNameTest" finished-at="2018-02-05T14:51:51Z" duration-ms="93" status="PASS">
          <reporter-output>
          </reporter-output>
        </test-method> <!-- verifyUserNameTest -->
        <test-method is-config="true" signature="tearDown()[pri:0, instance:com.crmapp.qa.testsuite.HomePageTest@7a675056]" started-at="2018-02-05T14:51:51Z" name="tearDown" finished-at="2018-02-05T14:51:52Z" duration-ms="864" status="PASS">
          <reporter-output>
          </reporter-output>
        </test-method> <!-- tearDown -->
        <test-method is-config="true" signature="setUp()[pri:0, instance:com.crmapp.qa.testsuite.HomePageTest@7a675056]" started-at="2018-02-05T14:51:52Z" name="setUp" finished-at="2018-02-05T14:52:03Z" duration-ms="11848" status="PASS">
          <reporter-output>
          </reporter-output>
        </test-method> <!-- setUp -->
        <test-method signature="verifyContactLinkTest()[pri:0, instance:com.crmapp.qa.testsuite.HomePageTest@7a675056]" started-at="2018-02-05T14:52:03Z" name="verifyContactLinkTest" finished-at="2018-02-05T14:52:05Z" duration-ms="1323" status="PASS">
          <reporter-output>
          </reporter-output>
        </test-method> <!-- verifyContactLinkTest -->
        <test-method is-config="true" signature="tearDown()[pri:0, instance:com.crmapp.qa.testsuite.HomePageTest@7a675056]" started-at="2018-02-05T14:52:05Z" name="tearDown" finished-at="2018-02-05T14:52:05Z" duration-ms="717" status="PASS">
          <reporter-output>
          </reporter-output>
        </test-method> <!-- tearDown -->
      </class> <!-- com.crmapp.qa.testsuite.HomePageTest -->
      <class name="com.crmapp.qa.testsuite.LoginPageTest">
        <test-method is-config="true" signature="setUp()[pri:0, instance:com.crmapp.qa.testsuite.LoginPageTest@ed7f8b4]" started-at="2018-02-05T14:50:58Z" name="setUp" finished-at="2018-02-05T14:51:05Z" duration-ms="7439" status="PASS">
          <reporter-output>
          </reporter-output>
        </test-method> <!-- setUp -->
        <test-method signature="loginPageTitleValidationtest()[pri:0, instance:com.crmapp.qa.testsuite.LoginPageTest@ed7f8b4]" started-at="2018-02-05T14:51:05Z" name="loginPageTitleValidationtest" finished-at="2018-02-05T14:51:05Z" duration-ms="25" status="PASS">
          <reporter-output>
          </reporter-output>
        </test-method> <!-- loginPageTitleValidationtest -->
        <test-method is-config="true" signature="tearDown()[pri:0, instance:com.crmapp.qa.testsuite.LoginPageTest@ed7f8b4]" started-at="2018-02-05T14:51:05Z" name="tearDown" finished-at="2018-02-05T14:51:06Z" duration-ms="723" status="PASS">
          <reporter-output>
          </reporter-output>
        </test-method> <!-- tearDown -->
        <test-method is-config="true" signature="setUp()[pri:0, instance:com.crmapp.qa.testsuite.LoginPageTest@ed7f8b4]" started-at="2018-02-05T14:51:06Z" name="setUp" finished-at="2018-02-05T14:51:12Z" duration-ms="6729" status="PASS">
          <reporter-output>
          </reporter-output>
        </test-method> <!-- setUp -->
        <test-method signature="crmLogoImageValidation()[pri:0, instance:com.crmapp.qa.testsuite.LoginPageTest@ed7f8b4]" started-at="2018-02-05T14:51:12Z" name="crmLogoImageValidation" finished-at="2018-02-05T14:51:13Z" duration-ms="60" status="PASS">
          <reporter-output>
          </reporter-output>
        </test-method> <!-- crmLogoImageValidation -->
        <test-method is-config="true" signature="tearDown()[pri:0, instance:com.crmapp.qa.testsuite.LoginPageTest@ed7f8b4]" started-at="2018-02-05T14:51:13Z" name="tearDown" finished-at="2018-02-05T14:51:13Z" duration-ms="715" status="PASS">
          <reporter-output>
          </reporter-output>
        </test-method> <!-- tearDown -->
        <test-method is-config="true" signature="setUp()[pri:0, instance:com.crmapp.qa.testsuite.LoginPageTest@ed7f8b4]" started-at="2018-02-05T14:51:13Z" name="setUp" finished-at="2018-02-05T14:51:20Z" duration-ms="6519" status="PASS">
          <reporter-output>
          </reporter-output>
        </test-method> <!-- setUp -->
        <test-method signature="loginTest()[pri:0, instance:com.crmapp.qa.testsuite.LoginPageTest@ed7f8b4]" started-at="2018-02-05T14:51:20Z" name="loginTest" finished-at="2018-02-05T14:51:26Z" duration-ms="5880" status="PASS">
          <reporter-output>
          </reporter-output>
        </test-method> <!-- loginTest -->
        <test-method is-config="true" signature="tearDown()[pri:0, instance:com.crmapp.qa.testsuite.LoginPageTest@ed7f8b4]" started-at="2018-02-05T14:51:26Z" name="tearDown" finished-at="2018-02-05T14:51:26Z" duration-ms="710" status="PASS">
          <reporter-output>
          </reporter-output>
        </test-method> <!-- tearDown -->
      </class> <!-- com.crmapp.qa.testsuite.LoginPageTest -->
      <class name="com.crmapp.qa.testsuite.ContactsPageTest">
        <test-method is-config="true" signature="setUp()[pri:0, instance:com.crmapp.qa.testsuite.ContactsPageTest@15ca7889]" started-at="2018-02-05T14:52:05Z" name="setUp" finished-at="2018-02-05T14:52:16Z" duration-ms="10708" status="PASS">
          <reporter-output>
          </reporter-output>
        </test-method> <!-- setUp -->
        <test-method signature="verifyContactsLabelTest()[pri:0, instance:com.crmapp.qa.testsuite.ContactsPageTest@15ca7889]" started-at="2018-02-05T14:52:16Z" name="verifyContactsLabelTest" finished-at="2018-02-05T14:52:16Z" duration-ms="38" status="PASS">
          <reporter-output>
          </reporter-output>
        </test-method> <!-- verifyContactsLabelTest -->
        <test-method is-config="true" signature="tearDown()[pri:0, instance:com.crmapp.qa.testsuite.ContactsPageTest@15ca7889]" started-at="2018-02-05T14:52:16Z" name="tearDown" finished-at="2018-02-05T14:52:17Z" duration-ms="715" status="PASS">
          <reporter-output>
          </reporter-output>
        </test-method> <!-- tearDown -->
        <test-method is-config="true" signature="setUp()[pri:0, instance:com.crmapp.qa.testsuite.ContactsPageTest@15ca7889]" started-at="2018-02-05T14:52:17Z" name="setUp" finished-at="2018-02-05T14:52:29Z" duration-ms="11611" status="PASS">
          <reporter-output>
          </reporter-output>
        </test-method> <!-- setUp -->
        <test-method signature="selectSingleContactsByNameTest()[pri:0, instance:com.crmapp.qa.testsuite.ContactsPageTest@15ca7889]" started-at="2018-02-05T14:52:29Z" name="selectSingleContactsByNameTest" finished-at="2018-02-05T14:52:29Z" duration-ms="106" status="PASS">
          <reporter-output>
          </reporter-output>
        </test-method> <!-- selectSingleContactsByNameTest -->
        <test-method is-config="true" signature="tearDown()[pri:0, instance:com.crmapp.qa.testsuite.ContactsPageTest@15ca7889]" started-at="2018-02-05T14:52:29Z" name="tearDown" finished-at="2018-02-05T14:52:29Z" duration-ms="731" status="PASS">
          <reporter-output>
          </reporter-output>
        </test-method> <!-- tearDown -->
        <test-method is-config="true" signature="setUp()[pri:0, instance:com.crmapp.qa.testsuite.ContactsPageTest@15ca7889]" started-at="2018-02-05T14:52:29Z" name="setUp" finished-at="2018-02-05T14:52:44Z" duration-ms="14448" status="PASS">
          <reporter-output>
          </reporter-output>
        </test-method> <!-- setUp -->
        <test-method signature="selectMultipleContactsByNameTest()[pri:0, instance:com.crmapp.qa.testsuite.ContactsPageTest@15ca7889]" started-at="2018-02-05T14:52:44Z" name="selectMultipleContactsByNameTest" finished-at="2018-02-05T14:52:44Z" duration-ms="232" status="PASS">
          <reporter-output>
          </reporter-output>
        </test-method> <!-- selectMultipleContactsByNameTest -->
        <test-method is-config="true" signature="tearDown()[pri:0, instance:com.crmapp.qa.testsuite.ContactsPageTest@15ca7889]" started-at="2018-02-05T14:52:44Z" name="tearDown" finished-at="2018-02-05T14:52:45Z" duration-ms="746" status="PASS">
          <reporter-output>
          </reporter-output>
        </test-method> <!-- tearDown -->
        <test-method is-config="true" signature="setUp()[pri:0, instance:com.crmapp.qa.testsuite.ContactsPageTest@15ca7889]" started-at="2018-02-05T14:52:46Z" name="setUp" finished-at="2018-02-05T14:52:56Z" duration-ms="10327" status="PASS">
          <reporter-output>
          </reporter-output>
        </test-method> <!-- setUp -->
        <test-method signature="validateCreateNewContactTest(java.lang.String, java.lang.String, java.lang.String, java.lang.String)[pri:0, instance:com.crmapp.qa.testsuite.ContactsPageTest@15ca7889]" started-at="2018-02-05T14:52:56Z" name="validateCreateNewContactTest" data-provider="getCRMTestData" finished-at="2018-02-05T14:53:01Z" duration-ms="4751" status="PASS">
          <params>
            <param index="0">
              <value>
                <![CDATA[Mr.]]>
              </value>
            </param>
            <param index="1">
              <value>
                <![CDATA[Athira]]>
              </value>
            </param>
            <param index="2">
              <value>
                <![CDATA[Ashwin]]>
              </value>
            </param>
            <param index="3">
              <value>
                <![CDATA[MySoft]]>
              </value>
            </param>
          </params>
          <reporter-output>
          </reporter-output>
        </test-method> <!-- validateCreateNewContactTest -->
        <test-method is-config="true" signature="tearDown()[pri:0, instance:com.crmapp.qa.testsuite.ContactsPageTest@15ca7889]" started-at="2018-02-05T14:53:01Z" name="tearDown" finished-at="2018-02-05T14:53:01Z" duration-ms="762" status="PASS">
          <reporter-output>
          </reporter-output>
        </test-method> <!-- tearDown -->
        <test-method is-config="true" signature="setUp()[pri:0, instance:com.crmapp.qa.testsuite.ContactsPageTest@15ca7889]" started-at="2018-02-05T14:53:01Z" name="setUp" finished-at="2018-02-05T14:53:12Z" duration-ms="10821" status="PASS">
          <reporter-output>
          </reporter-output>
        </test-method> <!-- setUp -->
        <test-method signature="validateCreateNewContactTest(java.lang.String, java.lang.String, java.lang.String, java.lang.String)[pri:0, instance:com.crmapp.qa.testsuite.ContactsPageTest@15ca7889]" started-at="2018-02-05T14:53:12Z" name="validateCreateNewContactTest" data-provider="getCRMTestData" finished-at="2018-02-05T14:53:15Z" duration-ms="3174" status="PASS">
          <params>
            <param index="0">
              <value>
                <![CDATA[Dr.]]>
              </value>
            </param>
            <param index="1">
              <value>
                <![CDATA[Rishika]]>
              </value>
            </param>
            <param index="2">
              <value>
                <![CDATA[Shah]]>
              </value>
            </param>
            <param index="3">
              <value>
                <![CDATA[PAMF]]>
              </value>
            </param>
          </params>
          <reporter-output>
          </reporter-output>
        </test-method> <!-- validateCreateNewContactTest -->
        <test-method is-config="true" signature="tearDown()[pri:0, instance:com.crmapp.qa.testsuite.ContactsPageTest@15ca7889]" started-at="2018-02-05T14:53:15Z" name="tearDown" finished-at="2018-02-05T14:53:16Z" duration-ms="743" status="PASS">
          <reporter-output>
          </reporter-output>
        </test-method> <!-- tearDown -->
        <test-method is-config="true" signature="setUp()[pri:0, instance:com.crmapp.qa.testsuite.ContactsPageTest@15ca7889]" started-at="2018-02-05T14:53:16Z" name="setUp" finished-at="2018-02-05T14:53:27Z" duration-ms="10857" status="PASS">
          <reporter-output>
          </reporter-output>
        </test-method> <!-- setUp -->
        <test-method signature="validateCreateNewContactTest(java.lang.String, java.lang.String, java.lang.String, java.lang.String)[pri:0, instance:com.crmapp.qa.testsuite.ContactsPageTest@15ca7889]" started-at="2018-02-05T14:53:27Z" name="validateCreateNewContactTest" data-provider="getCRMTestData" finished-at="2018-02-05T14:53:30Z" duration-ms="3150" status="PASS">
          <params>
            <param index="0">
              <value>
                <![CDATA[Mrs.]]>
              </value>
            </param>
            <param index="1">
              <value>
                <![CDATA[Uma]]>
              </value>
            </param>
            <param index="2">
              <value>
                <![CDATA[Ravi]]>
              </value>
            </param>
            <param index="3">
              <value>
                <![CDATA[Oracle]]>
              </value>
            </param>
          </params>
          <reporter-output>
          </reporter-output>
        </test-method> <!-- validateCreateNewContactTest -->
        <test-method is-config="true" signature="tearDown()[pri:0, instance:com.crmapp.qa.testsuite.ContactsPageTest@15ca7889]" started-at="2018-02-05T14:53:30Z" name="tearDown" finished-at="2018-02-05T14:53:31Z" duration-ms="791" status="PASS">
          <reporter-output>
          </reporter-output>
        </test-method> <!-- tearDown -->
      </class> <!-- com.crmapp.qa.testsuite.ContactsPageTest -->
    </test> <!-- CRM App Test -->
  </suite> <!-- CRM Test Automation Suite -->
</testng-results>
